2025-02-13 10:49:09,288 [Worker-2: Loading available Gradle versions] INFO  o.e.b.c.i.u.g.PublishedGradleVersions - Gradle version information cache is up-to-date. Trying to read.
2025-02-13 10:49:58,105 [ModalContext] INFO  o.e.m.c.i.e.AbstractTransferListenerAdapter - Downloaded https://repo.maven.apache.org/maven2/org/apache/maven/archetypes/maven-archetype-quickstart/1.1/maven-archetype-quickstart-1.1.pom
2025-02-13 10:55:31,622 [ModalContext] INFO  o.e.m.c.i.e.AbstractTransferListenerAdapter - Downloaded https://repo.maven.apache.org/maven2/org/apache/maven/archetypes/maven-archetype-webapp/1.0/maven-archetype-webapp-1.0.pom
2025-02-13 10:55:55,125 [Worker-32: Launching mavenrun-b0bf9c5e-c8c1-4297-b3f0-c4ecf3ceec2d] INFO  o.eclipse.m2e.core.internal.Bundles - getClasspathEntries(Bundle=org.eclipse.m2e.maven.runtime_3.9.600.20231203-1234 [638])
2025-02-13 10:55:55,128 [Worker-32: Launching mavenrun-b0bf9c5e-c8c1-4297-b3f0-c4ecf3ceec2d] INFO  o.eclipse.m2e.core.internal.Bundles - 	Entry: C:\Users\Ruchitha\Downloads\eclipse\plugins\org.eclipse.m2e.maven.runtime_3.9.600.20231203-1234
2025-02-13 10:55:55,130 [Worker-32: Launching mavenrun-b0bf9c5e-c8c1-4297-b3f0-c4ecf3ceec2d] INFO  o.eclipse.m2e.core.internal.Bundles - 	Entry: C:\Users\Ruchitha\Downloads\eclipse\plugins\org.eclipse.m2e.maven.runtime_3.9.600.20231203-1234\jars\aopalliance-1.0.jar
2025-02-13 10:55:55,130 [Worker-32: Launching mavenrun-b0bf9c5e-c8c1-4297-b3f0-c4ecf3ceec2d] INFO  o.eclipse.m2e.core.internal.Bundles - 	Entry: C:\Users\Ruchitha\Downloads\eclipse\plugins\org.eclipse.m2e.maven.runtime_3.9.600.20231203-1234\jars\guice-5.1.0.jar
2025-02-13 10:55:55,131 [Worker-32: Launching mavenrun-b0bf9c5e-c8c1-4297-b3f0-c4ecf3ceec2d] INFO  o.eclipse.m2e.core.internal.Bundles - 	Entry: C:\Users\Ruchitha\Downloads\eclipse\plugins\org.eclipse.m2e.maven.runtime_3.9.600.20231203-1234\jars\httpclient-4.5.14.jar
2025-02-13 10:55:55,131 [Worker-32: Launching mavenrun-b0bf9c5e-c8c1-4297-b3f0-c4ecf3ceec2d] INFO  o.eclipse.m2e.core.internal.Bundles - 	Entry: C:\Users\Ruchitha\Downloads\eclipse\plugins\org.eclipse.m2e.maven.runtime_3.9.600.20231203-1234\jars\httpcore-4.4.16.jar
2025-02-13 10:55:55,131 [Worker-32: Launching mavenrun-b0bf9c5e-c8c1-4297-b3f0-c4ecf3ceec2d] INFO  o.eclipse.m2e.core.internal.Bundles - 	Entry: C:\Users\Ruchitha\Downloads\eclipse\plugins\org.eclipse.m2e.maven.runtime_3.9.600.20231203-1234\jars\jansi-2.4.0.jar
2025-02-13 10:55:55,132 [Worker-32: Launching mavenrun-b0bf9c5e-c8c1-4297-b3f0-c4ecf3ceec2d] INFO  o.eclipse.m2e.core.internal.Bundles - 	Entry: C:\Users\Ruchitha\Downloads\eclipse\plugins\org.eclipse.m2e.maven.runtime_3.9.600.20231203-1234\jars\jcl-over-slf4j-1.7.36.jar
2025-02-13 10:55:55,132 [Worker-32: Launching mavenrun-b0bf9c5e-c8c1-4297-b3f0-c4ecf3ceec2d] INFO  o.eclipse.m2e.core.internal.Bundles - 	Entry: C:\Users\Ruchitha\Downloads\eclipse\plugins\org.eclipse.m2e.maven.runtime_3.9.600.20231203-1234\jars\maven-artifact-3.9.6.jar
2025-02-13 10:55:55,133 [Worker-32: Launching mavenrun-b0bf9c5e-c8c1-4297-b3f0-c4ecf3ceec2d] INFO  o.eclipse.m2e.core.internal.Bundles - 	Entry: C:\Users\Ruchitha\Downloads\eclipse\plugins\org.eclipse.m2e.maven.runtime_3.9.600.20231203-1234\jars\maven-builder-support-3.9.6.jar
2025-02-13 10:55:55,133 [Worker-32: Launching mavenrun-b0bf9c5e-c8c1-4297-b3f0-c4ecf3ceec2d] INFO  o.eclipse.m2e.core.internal.Bundles - 	Entry: C:\Users\Ruchitha\Downloads\eclipse\plugins\org.eclipse.m2e.maven.runtime_3.9.600.20231203-1234\jars\maven-compat-3.9.6.jar
2025-02-13 10:55:55,133 [Worker-32: Launching mavenrun-b0bf9c5e-c8c1-4297-b3f0-c4ecf3ceec2d] INFO  o.eclipse.m2e.core.internal.Bundles - 	Entry: C:\Users\Ruchitha\Downloads\eclipse\plugins\org.eclipse.m2e.maven.runtime_3.9.600.20231203-1234\jars\maven-core-3.9.6.jar
2025-02-13 10:55:55,134 [Worker-32: Launching mavenrun-b0bf9c5e-c8c1-4297-b3f0-c4ecf3ceec2d] INFO  o.eclipse.m2e.core.internal.Bundles - 	Entry: C:\Users\Ruchitha\Downloads\eclipse\plugins\org.eclipse.m2e.maven.runtime_3.9.600.20231203-1234\jars\maven-embedder-3.9.6.jar
2025-02-13 10:55:55,134 [Worker-32: Launching mavenrun-b0bf9c5e-c8c1-4297-b3f0-c4ecf3ceec2d] INFO  o.eclipse.m2e.core.internal.Bundles - 	Entry: C:\Users\Ruchitha\Downloads\eclipse\plugins\org.eclipse.m2e.maven.runtime_3.9.600.20231203-1234\jars\maven-model-3.9.6.jar
2025-02-13 10:55:55,134 [Worker-32: Launching mavenrun-b0bf9c5e-c8c1-4297-b3f0-c4ecf3ceec2d] INFO  o.eclipse.m2e.core.internal.Bundles - 	Entry: C:\Users\Ruchitha\Downloads\eclipse\plugins\org.eclipse.m2e.maven.runtime_3.9.600.20231203-1234\jars\maven-model-builder-3.9.6.jar
2025-02-13 10:55:55,135 [Worker-32: Launching mavenrun-b0bf9c5e-c8c1-4297-b3f0-c4ecf3ceec2d] INFO  o.eclipse.m2e.core.internal.Bundles - 	Entry: C:\Users\Ruchitha\Downloads\eclipse\plugins\org.eclipse.m2e.maven.runtime_3.9.600.20231203-1234\jars\maven-plugin-api-3.9.6.jar
2025-02-13 10:55:55,135 [Worker-32: Launching mavenrun-b0bf9c5e-c8c1-4297-b3f0-c4ecf3ceec2d] INFO  o.eclipse.m2e.core.internal.Bundles - 	Entry: C:\Users\Ruchitha\Downloads\eclipse\plugins\org.eclipse.m2e.maven.runtime_3.9.600.20231203-1234\jars\maven-repository-metadata-3.9.6.jar
2025-02-13 10:55:55,135 [Worker-32: Launching mavenrun-b0bf9c5e-c8c1-4297-b3f0-c4ecf3ceec2d] INFO  o.eclipse.m2e.core.internal.Bundles - 	Entry: C:\Users\Ruchitha\Downloads\eclipse\plugins\org.eclipse.m2e.maven.runtime_3.9.600.20231203-1234\jars\maven-resolver-api-1.9.18.jar
2025-02-13 10:55:55,136 [Worker-32: Launching mavenrun-b0bf9c5e-c8c1-4297-b3f0-c4ecf3ceec2d] INFO  o.eclipse.m2e.core.internal.Bundles - 	Entry: C:\Users\Ruchitha\Downloads\eclipse\plugins\org.eclipse.m2e.maven.runtime_3.9.600.20231203-1234\jars\maven-resolver-connector-basic-1.9.18.jar
2025-02-13 10:55:55,136 [Worker-32: Launching mavenrun-b0bf9c5e-c8c1-4297-b3f0-c4ecf3ceec2d] INFO  o.eclipse.m2e.core.internal.Bundles - 	Entry: C:\Users\Ruchitha\Downloads\eclipse\plugins\org.eclipse.m2e.maven.runtime_3.9.600.20231203-1234\jars\maven-resolver-impl-1.9.18.jar
2025-02-13 10:55:55,136 [Worker-32: Launching mavenrun-b0bf9c5e-c8c1-4297-b3f0-c4ecf3ceec2d] INFO  o.eclipse.m2e.core.internal.Bundles - 	Entry: C:\Users\Ruchitha\Downloads\eclipse\plugins\org.eclipse.m2e.maven.runtime_3.9.600.20231203-1234\jars\maven-resolver-named-locks-1.9.18.jar
2025-02-13 10:55:55,137 [Worker-32: Launching mavenrun-b0bf9c5e-c8c1-4297-b3f0-c4ecf3ceec2d] INFO  o.eclipse.m2e.core.internal.Bundles - 	Entry: C:\Users\Ruchitha\Downloads\eclipse\plugins\org.eclipse.m2e.maven.runtime_3.9.600.20231203-1234\jars\maven-resolver-provider-3.9.6.jar
2025-02-13 10:55:55,138 [Worker-32: Launching mavenrun-b0bf9c5e-c8c1-4297-b3f0-c4ecf3ceec2d] INFO  o.eclipse.m2e.core.internal.Bundles - 	Entry: C:\Users\Ruchitha\Downloads\eclipse\plugins\org.eclipse.m2e.maven.runtime_3.9.600.20231203-1234\jars\maven-resolver-spi-1.9.18.jar
2025-02-13 10:55:55,139 [Worker-32: Launching mavenrun-b0bf9c5e-c8c1-4297-b3f0-c4ecf3ceec2d] INFO  o.eclipse.m2e.core.internal.Bundles - 	Entry: C:\Users\Ruchitha\Downloads\eclipse\plugins\org.eclipse.m2e.maven.runtime_3.9.600.20231203-1234\jars\maven-resolver-transport-file-1.9.18.jar
2025-02-13 10:55:55,140 [Worker-32: Launching mavenrun-b0bf9c5e-c8c1-4297-b3f0-c4ecf3ceec2d] INFO  o.eclipse.m2e.core.internal.Bundles - 	Entry: C:\Users\Ruchitha\Downloads\eclipse\plugins\org.eclipse.m2e.maven.runtime_3.9.600.20231203-1234\jars\maven-resolver-transport-http-1.9.18.jar
2025-02-13 10:55:55,141 [Worker-32: Launching mavenrun-b0bf9c5e-c8c1-4297-b3f0-c4ecf3ceec2d] INFO  o.eclipse.m2e.core.internal.Bundles - 	Entry: C:\Users\Ruchitha\Downloads\eclipse\plugins\org.eclipse.m2e.maven.runtime_3.9.600.20231203-1234\jars\maven-resolver-transport-wagon-1.9.18.jar
2025-02-13 10:55:55,142 [Worker-32: Launching mavenrun-b0bf9c5e-c8c1-4297-b3f0-c4ecf3ceec2d] INFO  o.eclipse.m2e.core.internal.Bundles - 	Entry: C:\Users\Ruchitha\Downloads\eclipse\plugins\org.eclipse.m2e.maven.runtime_3.9.600.20231203-1234\jars\maven-resolver-util-1.9.18.jar
2025-02-13 10:55:55,142 [Worker-32: Launching mavenrun-b0bf9c5e-c8c1-4297-b3f0-c4ecf3ceec2d] INFO  o.eclipse.m2e.core.internal.Bundles - 	Entry: C:\Users\Ruchitha\Downloads\eclipse\plugins\org.eclipse.m2e.maven.runtime_3.9.600.20231203-1234\jars\maven-settings-3.9.6.jar
2025-02-13 10:55:55,143 [Worker-32: Launching mavenrun-b0bf9c5e-c8c1-4297-b3f0-c4ecf3ceec2d] INFO  o.eclipse.m2e.core.internal.Bundles - 	Entry: C:\Users\Ruchitha\Downloads\eclipse\plugins\org.eclipse.m2e.maven.runtime_3.9.600.20231203-1234\jars\maven-settings-builder-3.9.6.jar
2025-02-13 10:55:55,144 [Worker-32: Launching mavenrun-b0bf9c5e-c8c1-4297-b3f0-c4ecf3ceec2d] INFO  o.eclipse.m2e.core.internal.Bundles - 	Entry: C:\Users\Ruchitha\Downloads\eclipse\plugins\org.eclipse.m2e.maven.runtime_3.9.600.20231203-1234\jars\maven-shared-utils-3.3.4.jar
2025-02-13 10:55:55,145 [Worker-32: Launching mavenrun-b0bf9c5e-c8c1-4297-b3f0-c4ecf3ceec2d] INFO  o.eclipse.m2e.core.internal.Bundles - 	Entry: C:\Users\Ruchitha\Downloads\eclipse\plugins\org.eclipse.m2e.maven.runtime_3.9.600.20231203-1234\jars\org.eclipse.sisu.inject-0.9.0.M2.jar
2025-02-13 10:55:55,145 [Worker-32: Launching mavenrun-b0bf9c5e-c8c1-4297-b3f0-c4ecf3ceec2d] INFO  o.eclipse.m2e.core.internal.Bundles - 	Entry: C:\Users\Ruchitha\Downloads\eclipse\plugins\org.eclipse.m2e.maven.runtime_3.9.600.20231203-1234\jars\org.eclipse.sisu.plexus-0.9.0.M2.jar
2025-02-13 10:55:55,146 [Worker-32: Launching mavenrun-b0bf9c5e-c8c1-4297-b3f0-c4ecf3ceec2d] INFO  o.eclipse.m2e.core.internal.Bundles - 	Entry: C:\Users\Ruchitha\Downloads\eclipse\plugins\org.eclipse.m2e.maven.runtime_3.9.600.20231203-1234\jars\plexus-build-api-0.0.7.jar
2025-02-13 10:55:55,147 [Worker-32: Launching mavenrun-b0bf9c5e-c8c1-4297-b3f0-c4ecf3ceec2d] INFO  o.eclipse.m2e.core.internal.Bundles - 	Entry: C:\Users\Ruchitha\Downloads\eclipse\plugins\org.eclipse.m2e.maven.runtime_3.9.600.20231203-1234\jars\plexus-cipher-2.0.jar
2025-02-13 10:55:55,148 [Worker-32: Launching mavenrun-b0bf9c5e-c8c1-4297-b3f0-c4ecf3ceec2d] INFO  o.eclipse.m2e.core.internal.Bundles - 	Entry: C:\Users\Ruchitha\Downloads\eclipse\plugins\org.eclipse.m2e.maven.runtime_3.9.600.20231203-1234\jars\plexus-classworlds-2.7.0.jar
2025-02-13 10:55:55,149 [Worker-32: Launching mavenrun-b0bf9c5e-c8c1-4297-b3f0-c4ecf3ceec2d] INFO  o.eclipse.m2e.core.internal.Bundles - 	Entry: C:\Users\Ruchitha\Downloads\eclipse\plugins\org.eclipse.m2e.maven.runtime_3.9.600.20231203-1234\jars\plexus-component-annotations-2.1.0.jar
2025-02-13 10:55:55,150 [Worker-32: Launching mavenrun-b0bf9c5e-c8c1-4297-b3f0-c4ecf3ceec2d] INFO  o.eclipse.m2e.core.internal.Bundles - 	Entry: C:\Users\Ruchitha\Downloads\eclipse\plugins\org.eclipse.m2e.maven.runtime_3.9.600.20231203-1234\jars\plexus-interpolation-1.26.jar
2025-02-13 10:55:55,151 [Worker-32: Launching mavenrun-b0bf9c5e-c8c1-4297-b3f0-c4ecf3ceec2d] INFO  o.eclipse.m2e.core.internal.Bundles - 	Entry: C:\Users\Ruchitha\Downloads\eclipse\plugins\org.eclipse.m2e.maven.runtime_3.9.600.20231203-1234\jars\plexus-sec-dispatcher-2.0.jar
2025-02-13 10:55:55,151 [Worker-32: Launching mavenrun-b0bf9c5e-c8c1-4297-b3f0-c4ecf3ceec2d] INFO  o.eclipse.m2e.core.internal.Bundles - 	Entry: C:\Users\Ruchitha\Downloads\eclipse\plugins\org.eclipse.m2e.maven.runtime_3.9.600.20231203-1234\jars\plexus-utils-3.5.1.jar
2025-02-13 10:55:55,151 [Worker-32: Launching mavenrun-b0bf9c5e-c8c1-4297-b3f0-c4ecf3ceec2d] INFO  o.eclipse.m2e.core.internal.Bundles - 	Entry: C:\Users\Ruchitha\Downloads\eclipse\plugins\org.eclipse.m2e.maven.runtime_3.9.600.20231203-1234\jars\wagon-file-3.5.3.jar
2025-02-13 10:55:55,151 [Worker-32: Launching mavenrun-b0bf9c5e-c8c1-4297-b3f0-c4ecf3ceec2d] INFO  o.eclipse.m2e.core.internal.Bundles - 	Entry: C:\Users\Ruchitha\Downloads\eclipse\plugins\org.eclipse.m2e.maven.runtime_3.9.600.20231203-1234\jars\wagon-http-3.5.3.jar
2025-02-13 10:55:55,152 [Worker-32: Launching mavenrun-b0bf9c5e-c8c1-4297-b3f0-c4ecf3ceec2d] INFO  o.eclipse.m2e.core.internal.Bundles - 	Entry: C:\Users\Ruchitha\Downloads\eclipse\plugins\org.eclipse.m2e.maven.runtime_3.9.600.20231203-1234\jars\wagon-http-shared-3.5.3.jar
2025-02-13 10:55:55,152 [Worker-32: Launching mavenrun-b0bf9c5e-c8c1-4297-b3f0-c4ecf3ceec2d] INFO  o.eclipse.m2e.core.internal.Bundles - 	Entry: C:\Users\Ruchitha\Downloads\eclipse\plugins\org.eclipse.m2e.maven.runtime_3.9.600.20231203-1234\jars\wagon-provider-api-3.5.3.jar
2025-02-13 10:55:55,156 [Worker-32: Launching mavenrun-b0bf9c5e-c8c1-4297-b3f0-c4ecf3ceec2d] INFO  o.eclipse.m2e.core.internal.Bundles - getClasspathEntries(Bundle=com.google.guava_33.0.0.jre [14])
2025-02-13 10:55:55,157 [Worker-32: Launching mavenrun-b0bf9c5e-c8c1-4297-b3f0-c4ecf3ceec2d] INFO  o.eclipse.m2e.core.internal.Bundles - 	Entry: C:\Users\Ruchitha\Downloads\eclipse\plugins\com.google.guava_33.0.0.jre.jar
2025-02-13 10:55:55,157 [Worker-32: Launching mavenrun-b0bf9c5e-c8c1-4297-b3f0-c4ecf3ceec2d] INFO  o.eclipse.m2e.core.internal.Bundles - getClasspathEntries(Bundle=slf4j.api_2.0.12 [1001])
2025-02-13 10:55:55,158 [Worker-32: Launching mavenrun-b0bf9c5e-c8c1-4297-b3f0-c4ecf3ceec2d] INFO  o.eclipse.m2e.core.internal.Bundles - 	Entry: C:\Users\Ruchitha\Downloads\eclipse\plugins\slf4j.api_2.0.12.jar
2025-02-13 10:55:55,158 [Worker-32: Launching mavenrun-b0bf9c5e-c8c1-4297-b3f0-c4ecf3ceec2d] INFO  o.eclipse.m2e.core.internal.Bundles - getClasspathEntries(Bundle=jakarta.inject.jakarta.inject-api_1.0.5 [32])
2025-02-13 10:55:55,159 [Worker-32: Launching mavenrun-b0bf9c5e-c8c1-4297-b3f0-c4ecf3ceec2d] INFO  o.eclipse.m2e.core.internal.Bundles - 	Entry: C:\Users\Ruchitha\Downloads\eclipse\plugins\jakarta.inject.jakarta.inject-api_1.0.5.jar
2025-02-13 10:55:55,159 [Worker-32: Launching mavenrun-b0bf9c5e-c8c1-4297-b3f0-c4ecf3ceec2d] INFO  o.eclipse.m2e.core.internal.Bundles - getClasspathEntries(Bundle=jakarta.annotation-api_1.3.5 [27])
2025-02-13 10:55:55,160 [Worker-32: Launching mavenrun-b0bf9c5e-c8c1-4297-b3f0-c4ecf3ceec2d] INFO  o.eclipse.m2e.core.internal.Bundles - 	Entry: C:\Users\Ruchitha\Downloads\eclipse\plugins\jakarta.annotation-api_1.3.5.jar
2025-02-13 10:55:55,160 [Worker-32: Launching mavenrun-b0bf9c5e-c8c1-4297-b3f0-c4ecf3ceec2d] INFO  o.eclipse.m2e.core.internal.Bundles - getClasspathEntries(Bundle=org.apache.commons.cli_1.6.0 [75])
2025-02-13 10:55:55,161 [Worker-32: Launching mavenrun-b0bf9c5e-c8c1-4297-b3f0-c4ecf3ceec2d] INFO  o.eclipse.m2e.core.internal.Bundles - 	Entry: C:\Users\Ruchitha\Downloads\eclipse\plugins\org.apache.commons.cli_1.6.0.jar
2025-02-13 10:55:55,161 [Worker-32: Launching mavenrun-b0bf9c5e-c8c1-4297-b3f0-c4ecf3ceec2d] INFO  o.eclipse.m2e.core.internal.Bundles - getClasspathEntries(Bundle=org.apache.commons.commons-codec_1.16.0 [78])
2025-02-13 10:55:55,161 [Worker-32: Launching mavenrun-b0bf9c5e-c8c1-4297-b3f0-c4ecf3ceec2d] INFO  o.eclipse.m2e.core.internal.Bundles - 	Entry: C:\Users\Ruchitha\Downloads\eclipse\plugins\org.apache.commons.commons-codec_1.16.0.jar
2025-02-13 10:55:55,161 [Worker-32: Launching mavenrun-b0bf9c5e-c8c1-4297-b3f0-c4ecf3ceec2d] INFO  o.eclipse.m2e.core.internal.Bundles - getClasspathEntries(Bundle=org.apache.commons.lang3_3.14.0 [86])
2025-02-13 10:55:55,162 [Worker-32: Launching mavenrun-b0bf9c5e-c8c1-4297-b3f0-c4ecf3ceec2d] INFO  o.eclipse.m2e.core.internal.Bundles - 	Entry: C:\Users\Ruchitha\Downloads\eclipse\plugins\org.apache.commons.lang3_3.14.0.jar
2025-02-13 10:55:55,162 [Worker-32: Launching mavenrun-b0bf9c5e-c8c1-4297-b3f0-c4ecf3ceec2d] INFO  o.eclipse.m2e.core.internal.Bundles - getClasspathEntries(Bundle=com.google.guava.failureaccess_1.0.2 [15])
2025-02-13 10:55:55,163 [Worker-32: Launching mavenrun-b0bf9c5e-c8c1-4297-b3f0-c4ecf3ceec2d] INFO  o.eclipse.m2e.core.internal.Bundles - 	Entry: C:\Users\Ruchitha\Downloads\eclipse\plugins\com.google.guava.failureaccess_1.0.2.jar
2025-02-13 10:55:55,187 [Worker-32: Launching mavenrun-b0bf9c5e-c8c1-4297-b3f0-c4ecf3ceec2d] INFO  o.e.m.i.launch.MavenLaunchDelegate - Run build in "C:\Users\Ruchitha\AppData\Local\Temp\m2e-archetypeGenerator8489531964298864802":
2025-02-13 10:55:55,198 [Worker-32: Launching mavenrun-b0bf9c5e-c8c1-4297-b3f0-c4ecf3ceec2d] INFO  o.e.m.i.launch.MavenLaunchDelegate -  mvn  -DarchetypeGroupId=org.apache.maven.archetypes -DarchetypeArtifactId=maven-archetype-webapp -DarchetypeVersion=1.0 -DgroupId=pentagon -DartifactId=StudentApplication -Dversion=0.0.1-SNAPSHOT -Dpackage=pentagon.StudentApplication -DoutputDirectory=D:\eclipse\corejava\src\project1\ProjectJ2EE -Dstyle.color=always -U archetype:generate
2025-02-13 11:05:05,718 [ModalContext] INFO  o.e.m.c.i.e.AbstractTransferListenerAdapter - Downloading https://repo.maven.apache.org/maven2/org/apache/maven/archetypes/maven-archetype-webapp/1.5/maven-archetype-webapp-1.5.pom
2025-02-13 11:05:05,733 [ModalContext] INFO  o.e.m.c.i.e.AbstractTransferListenerAdapter - Downloaded https://repo.maven.apache.org/maven2/org/apache/maven/archetypes/maven-archetype-webapp/1.5/maven-archetype-webapp-1.5.pom
2025-02-13 11:05:05,834 [ModalContext] INFO  o.e.m.c.i.e.AbstractTransferListenerAdapter - Downloading https://repo.maven.apache.org/maven2/org/apache/maven/archetypes/maven-archetype-bundles/1.5/maven-archetype-bundles-1.5.pom
2025-02-13 11:05:05,847 [ModalContext] INFO  o.e.m.c.i.e.AbstractTransferListenerAdapter - Downloaded https://repo.maven.apache.org/maven2/org/apache/maven/archetypes/maven-archetype-bundles/1.5/maven-archetype-bundles-1.5.pom
2025-02-13 11:05:05,962 [ModalContext] INFO  o.e.m.c.i.e.AbstractTransferListenerAdapter - Downloading https://repo.maven.apache.org/maven2/org/apache/maven/archetypes/maven-archetype-webapp/1.5/maven-archetype-webapp-1.5.jar
2025-02-13 11:05:05,984 [ModalContext] INFO  o.e.m.c.i.e.AbstractTransferListenerAdapter - Downloaded https://repo.maven.apache.org/maven2/org/apache/maven/archetypes/maven-archetype-webapp/1.5/maven-archetype-webapp-1.5.jar
2025-02-13 11:05:18,733 [Worker-38: Launching mavenrun-c7532558-6c25-46aa-8538-64075cbfe718] INFO  o.eclipse.m2e.core.internal.Bundles - getClasspathEntries(Bundle=org.eclipse.m2e.maven.runtime_3.9.600.20231203-1234 [638])
2025-02-13 11:05:18,736 [Worker-38: Launching mavenrun-c7532558-6c25-46aa-8538-64075cbfe718] INFO  o.eclipse.m2e.core.internal.Bundles - 	Entry: C:\Users\Ruchitha\Downloads\eclipse\plugins\org.eclipse.m2e.maven.runtime_3.9.600.20231203-1234
2025-02-13 11:05:18,737 [Worker-38: Launching mavenrun-c7532558-6c25-46aa-8538-64075cbfe718] INFO  o.eclipse.m2e.core.internal.Bundles - 	Entry: C:\Users\Ruchitha\Downloads\eclipse\plugins\org.eclipse.m2e.maven.runtime_3.9.600.20231203-1234\jars\aopalliance-1.0.jar
2025-02-13 11:05:18,737 [Worker-38: Launching mavenrun-c7532558-6c25-46aa-8538-64075cbfe718] INFO  o.eclipse.m2e.core.internal.Bundles - 	Entry: C:\Users\Ruchitha\Downloads\eclipse\plugins\org.eclipse.m2e.maven.runtime_3.9.600.20231203-1234\jars\guice-5.1.0.jar
2025-02-13 11:05:18,738 [Worker-38: Launching mavenrun-c7532558-6c25-46aa-8538-64075cbfe718] INFO  o.eclipse.m2e.core.internal.Bundles - 	Entry: C:\Users\Ruchitha\Downloads\eclipse\plugins\org.eclipse.m2e.maven.runtime_3.9.600.20231203-1234\jars\httpclient-4.5.14.jar
2025-02-13 11:05:18,738 [Worker-38: Launching mavenrun-c7532558-6c25-46aa-8538-64075cbfe718] INFO  o.eclipse.m2e.core.internal.Bundles - 	Entry: C:\Users\Ruchitha\Downloads\eclipse\plugins\org.eclipse.m2e.maven.runtime_3.9.600.20231203-1234\jars\httpcore-4.4.16.jar
2025-02-13 11:05:18,739 [Worker-38: Launching mavenrun-c7532558-6c25-46aa-8538-64075cbfe718] INFO  o.eclipse.m2e.core.internal.Bundles - 	Entry: C:\Users\Ruchitha\Downloads\eclipse\plugins\org.eclipse.m2e.maven.runtime_3.9.600.20231203-1234\jars\jansi-2.4.0.jar
2025-02-13 11:05:18,740 [Worker-38: Launching mavenrun-c7532558-6c25-46aa-8538-64075cbfe718] INFO  o.eclipse.m2e.core.internal.Bundles - 	Entry: C:\Users\Ruchitha\Downloads\eclipse\plugins\org.eclipse.m2e.maven.runtime_3.9.600.20231203-1234\jars\jcl-over-slf4j-1.7.36.jar
2025-02-13 11:05:18,740 [Worker-38: Launching mavenrun-c7532558-6c25-46aa-8538-64075cbfe718] INFO  o.eclipse.m2e.core.internal.Bundles - 	Entry: C:\Users\Ruchitha\Downloads\eclipse\plugins\org.eclipse.m2e.maven.runtime_3.9.600.20231203-1234\jars\maven-artifact-3.9.6.jar
2025-02-13 11:05:18,740 [Worker-38: Launching mavenrun-c7532558-6c25-46aa-8538-64075cbfe718] INFO  o.eclipse.m2e.core.internal.Bundles - 	Entry: C:\Users\Ruchitha\Downloads\eclipse\plugins\org.eclipse.m2e.maven.runtime_3.9.600.20231203-1234\jars\maven-builder-support-3.9.6.jar
2025-02-13 11:05:18,741 [Worker-38: Launching mavenrun-c7532558-6c25-46aa-8538-64075cbfe718] INFO  o.eclipse.m2e.core.internal.Bundles - 	Entry: C:\Users\Ruchitha\Downloads\eclipse\plugins\org.eclipse.m2e.maven.runtime_3.9.600.20231203-1234\jars\maven-compat-3.9.6.jar
2025-02-13 11:05:18,741 [Worker-38: Launching mavenrun-c7532558-6c25-46aa-8538-64075cbfe718] INFO  o.eclipse.m2e.core.internal.Bundles - 	Entry: C:\Users\Ruchitha\Downloads\eclipse\plugins\org.eclipse.m2e.maven.runtime_3.9.600.20231203-1234\jars\maven-core-3.9.6.jar
2025-02-13 11:05:18,741 [Worker-38: Launching mavenrun-c7532558-6c25-46aa-8538-64075cbfe718] INFO  o.eclipse.m2e.core.internal.Bundles - 	Entry: C:\Users\Ruchitha\Downloads\eclipse\plugins\org.eclipse.m2e.maven.runtime_3.9.600.20231203-1234\jars\maven-embedder-3.9.6.jar
2025-02-13 11:05:18,741 [Worker-38: Launching mavenrun-c7532558-6c25-46aa-8538-64075cbfe718] INFO  o.eclipse.m2e.core.internal.Bundles - 	Entry: C:\Users\Ruchitha\Downloads\eclipse\plugins\org.eclipse.m2e.maven.runtime_3.9.600.20231203-1234\jars\maven-model-3.9.6.jar
2025-02-13 11:05:18,741 [Worker-38: Launching mavenrun-c7532558-6c25-46aa-8538-64075cbfe718] INFO  o.eclipse.m2e.core.internal.Bundles - 	Entry: C:\Users\Ruchitha\Downloads\eclipse\plugins\org.eclipse.m2e.maven.runtime_3.9.600.20231203-1234\jars\maven-model-builder-3.9.6.jar
2025-02-13 11:05:18,741 [Worker-38: Launching mavenrun-c7532558-6c25-46aa-8538-64075cbfe718] INFO  o.eclipse.m2e.core.internal.Bundles - 	Entry: C:\Users\Ruchitha\Downloads\eclipse\plugins\org.eclipse.m2e.maven.runtime_3.9.600.20231203-1234\jars\maven-plugin-api-3.9.6.jar
2025-02-13 11:05:18,742 [Worker-38: Launching mavenrun-c7532558-6c25-46aa-8538-64075cbfe718] INFO  o.eclipse.m2e.core.internal.Bundles - 	Entry: C:\Users\Ruchitha\Downloads\eclipse\plugins\org.eclipse.m2e.maven.runtime_3.9.600.20231203-1234\jars\maven-repository-metadata-3.9.6.jar
2025-02-13 11:05:18,742 [Worker-38: Launching mavenrun-c7532558-6c25-46aa-8538-64075cbfe718] INFO  o.eclipse.m2e.core.internal.Bundles - 	Entry: C:\Users\Ruchitha\Downloads\eclipse\plugins\org.eclipse.m2e.maven.runtime_3.9.600.20231203-1234\jars\maven-resolver-api-1.9.18.jar
2025-02-13 11:05:18,742 [Worker-38: Launching mavenrun-c7532558-6c25-46aa-8538-64075cbfe718] INFO  o.eclipse.m2e.core.internal.Bundles - 	Entry: C:\Users\Ruchitha\Downloads\eclipse\plugins\org.eclipse.m2e.maven.runtime_3.9.600.20231203-1234\jars\maven-resolver-connector-basic-1.9.18.jar
2025-02-13 11:05:18,742 [Worker-38: Launching mavenrun-c7532558-6c25-46aa-8538-64075cbfe718] INFO  o.eclipse.m2e.core.internal.Bundles - 	Entry: C:\Users\Ruchitha\Downloads\eclipse\plugins\org.eclipse.m2e.maven.runtime_3.9.600.20231203-1234\jars\maven-resolver-impl-1.9.18.jar
2025-02-13 11:05:18,743 [Worker-38: Launching mavenrun-c7532558-6c25-46aa-8538-64075cbfe718] INFO  o.eclipse.m2e.core.internal.Bundles - 	Entry: C:\Users\Ruchitha\Downloads\eclipse\plugins\org.eclipse.m2e.maven.runtime_3.9.600.20231203-1234\jars\maven-resolver-named-locks-1.9.18.jar
2025-02-13 11:05:18,743 [Worker-38: Launching mavenrun-c7532558-6c25-46aa-8538-64075cbfe718] INFO  o.eclipse.m2e.core.internal.Bundles - 	Entry: C:\Users\Ruchitha\Downloads\eclipse\plugins\org.eclipse.m2e.maven.runtime_3.9.600.20231203-1234\jars\maven-resolver-provider-3.9.6.jar
2025-02-13 11:05:18,743 [Worker-38: Launching mavenrun-c7532558-6c25-46aa-8538-64075cbfe718] INFO  o.eclipse.m2e.core.internal.Bundles - 	Entry: C:\Users\Ruchitha\Downloads\eclipse\plugins\org.eclipse.m2e.maven.runtime_3.9.600.20231203-1234\jars\maven-resolver-spi-1.9.18.jar
2025-02-13 11:05:18,743 [Worker-38: Launching mavenrun-c7532558-6c25-46aa-8538-64075cbfe718] INFO  o.eclipse.m2e.core.internal.Bundles - 	Entry: C:\Users\Ruchitha\Downloads\eclipse\plugins\org.eclipse.m2e.maven.runtime_3.9.600.20231203-1234\jars\maven-resolver-transport-file-1.9.18.jar
2025-02-13 11:05:18,743 [Worker-38: Launching mavenrun-c7532558-6c25-46aa-8538-64075cbfe718] INFO  o.eclipse.m2e.core.internal.Bundles - 	Entry: C:\Users\Ruchitha\Downloads\eclipse\plugins\org.eclipse.m2e.maven.runtime_3.9.600.20231203-1234\jars\maven-resolver-transport-http-1.9.18.jar
2025-02-13 11:05:18,743 [Worker-38: Launching mavenrun-c7532558-6c25-46aa-8538-64075cbfe718] INFO  o.eclipse.m2e.core.internal.Bundles - 	Entry: C:\Users\Ruchitha\Downloads\eclipse\plugins\org.eclipse.m2e.maven.runtime_3.9.600.20231203-1234\jars\maven-resolver-transport-wagon-1.9.18.jar
2025-02-13 11:05:18,743 [Worker-38: Launching mavenrun-c7532558-6c25-46aa-8538-64075cbfe718] INFO  o.eclipse.m2e.core.internal.Bundles - 	Entry: C:\Users\Ruchitha\Downloads\eclipse\plugins\org.eclipse.m2e.maven.runtime_3.9.600.20231203-1234\jars\maven-resolver-util-1.9.18.jar
2025-02-13 11:05:18,744 [Worker-38: Launching mavenrun-c7532558-6c25-46aa-8538-64075cbfe718] INFO  o.eclipse.m2e.core.internal.Bundles - 	Entry: C:\Users\Ruchitha\Downloads\eclipse\plugins\org.eclipse.m2e.maven.runtime_3.9.600.20231203-1234\jars\maven-settings-3.9.6.jar
2025-02-13 11:05:18,744 [Worker-38: Launching mavenrun-c7532558-6c25-46aa-8538-64075cbfe718] INFO  o.eclipse.m2e.core.internal.Bundles - 	Entry: C:\Users\Ruchitha\Downloads\eclipse\plugins\org.eclipse.m2e.maven.runtime_3.9.600.20231203-1234\jars\maven-settings-builder-3.9.6.jar
2025-02-13 11:05:18,744 [Worker-38: Launching mavenrun-c7532558-6c25-46aa-8538-64075cbfe718] INFO  o.eclipse.m2e.core.internal.Bundles - 	Entry: C:\Users\Ruchitha\Downloads\eclipse\plugins\org.eclipse.m2e.maven.runtime_3.9.600.20231203-1234\jars\maven-shared-utils-3.3.4.jar
2025-02-13 11:05:18,744 [Worker-38: Launching mavenrun-c7532558-6c25-46aa-8538-64075cbfe718] INFO  o.eclipse.m2e.core.internal.Bundles - 	Entry: C:\Users\Ruchitha\Downloads\eclipse\plugins\org.eclipse.m2e.maven.runtime_3.9.600.20231203-1234\jars\org.eclipse.sisu.inject-0.9.0.M2.jar
2025-02-13 11:05:18,744 [Worker-38: Launching mavenrun-c7532558-6c25-46aa-8538-64075cbfe718] INFO  o.eclipse.m2e.core.internal.Bundles - 	Entry: C:\Users\Ruchitha\Downloads\eclipse\plugins\org.eclipse.m2e.maven.runtime_3.9.600.20231203-1234\jars\org.eclipse.sisu.plexus-0.9.0.M2.jar
2025-02-13 11:05:18,744 [Worker-38: Launching mavenrun-c7532558-6c25-46aa-8538-64075cbfe718] INFO  o.eclipse.m2e.core.internal.Bundles - 	Entry: C:\Users\Ruchitha\Downloads\eclipse\plugins\org.eclipse.m2e.maven.runtime_3.9.600.20231203-1234\jars\plexus-build-api-0.0.7.jar
2025-02-13 11:05:18,744 [Worker-38: Launching mavenrun-c7532558-6c25-46aa-8538-64075cbfe718] INFO  o.eclipse.m2e.core.internal.Bundles - 	Entry: C:\Users\Ruchitha\Downloads\eclipse\plugins\org.eclipse.m2e.maven.runtime_3.9.600.20231203-1234\jars\plexus-cipher-2.0.jar
2025-02-13 11:05:18,744 [Worker-38: Launching mavenrun-c7532558-6c25-46aa-8538-64075cbfe718] INFO  o.eclipse.m2e.core.internal.Bundles - 	Entry: C:\Users\Ruchitha\Downloads\eclipse\plugins\org.eclipse.m2e.maven.runtime_3.9.600.20231203-1234\jars\plexus-classworlds-2.7.0.jar
2025-02-13 11:05:18,745 [Worker-38: Launching mavenrun-c7532558-6c25-46aa-8538-64075cbfe718] INFO  o.eclipse.m2e.core.internal.Bundles - 	Entry: C:\Users\Ruchitha\Downloads\eclipse\plugins\org.eclipse.m2e.maven.runtime_3.9.600.20231203-1234\jars\plexus-component-annotations-2.1.0.jar
2025-02-13 11:05:18,745 [Worker-38: Launching mavenrun-c7532558-6c25-46aa-8538-64075cbfe718] INFO  o.eclipse.m2e.core.internal.Bundles - 	Entry: C:\Users\Ruchitha\Downloads\eclipse\plugins\org.eclipse.m2e.maven.runtime_3.9.600.20231203-1234\jars\plexus-interpolation-1.26.jar
2025-02-13 11:05:18,745 [Worker-38: Launching mavenrun-c7532558-6c25-46aa-8538-64075cbfe718] INFO  o.eclipse.m2e.core.internal.Bundles - 	Entry: C:\Users\Ruchitha\Downloads\eclipse\plugins\org.eclipse.m2e.maven.runtime_3.9.600.20231203-1234\jars\plexus-sec-dispatcher-2.0.jar
2025-02-13 11:05:18,745 [Worker-38: Launching mavenrun-c7532558-6c25-46aa-8538-64075cbfe718] INFO  o.eclipse.m2e.core.internal.Bundles - 	Entry: C:\Users\Ruchitha\Downloads\eclipse\plugins\org.eclipse.m2e.maven.runtime_3.9.600.20231203-1234\jars\plexus-utils-3.5.1.jar
2025-02-13 11:05:18,745 [Worker-38: Launching mavenrun-c7532558-6c25-46aa-8538-64075cbfe718] INFO  o.eclipse.m2e.core.internal.Bundles - 	Entry: C:\Users\Ruchitha\Downloads\eclipse\plugins\org.eclipse.m2e.maven.runtime_3.9.600.20231203-1234\jars\wagon-file-3.5.3.jar
2025-02-13 11:05:18,745 [Worker-38: Launching mavenrun-c7532558-6c25-46aa-8538-64075cbfe718] INFO  o.eclipse.m2e.core.internal.Bundles - 	Entry: C:\Users\Ruchitha\Downloads\eclipse\plugins\org.eclipse.m2e.maven.runtime_3.9.600.20231203-1234\jars\wagon-http-3.5.3.jar
2025-02-13 11:05:18,745 [Worker-38: Launching mavenrun-c7532558-6c25-46aa-8538-64075cbfe718] INFO  o.eclipse.m2e.core.internal.Bundles - 	Entry: C:\Users\Ruchitha\Downloads\eclipse\plugins\org.eclipse.m2e.maven.runtime_3.9.600.20231203-1234\jars\wagon-http-shared-3.5.3.jar
2025-02-13 11:05:18,745 [Worker-38: Launching mavenrun-c7532558-6c25-46aa-8538-64075cbfe718] INFO  o.eclipse.m2e.core.internal.Bundles - 	Entry: C:\Users\Ruchitha\Downloads\eclipse\plugins\org.eclipse.m2e.maven.runtime_3.9.600.20231203-1234\jars\wagon-provider-api-3.5.3.jar
2025-02-13 11:05:18,746 [Worker-38: Launching mavenrun-c7532558-6c25-46aa-8538-64075cbfe718] INFO  o.eclipse.m2e.core.internal.Bundles - getClasspathEntries(Bundle=com.google.guava_33.0.0.jre [14])
2025-02-13 11:05:18,746 [Worker-38: Launching mavenrun-c7532558-6c25-46aa-8538-64075cbfe718] INFO  o.eclipse.m2e.core.internal.Bundles - 	Entry: C:\Users\Ruchitha\Downloads\eclipse\plugins\com.google.guava_33.0.0.jre.jar
2025-02-13 11:05:18,746 [Worker-38: Launching mavenrun-c7532558-6c25-46aa-8538-64075cbfe718] INFO  o.eclipse.m2e.core.internal.Bundles - getClasspathEntries(Bundle=slf4j.api_2.0.12 [1001])
2025-02-13 11:05:18,746 [Worker-38: Launching mavenrun-c7532558-6c25-46aa-8538-64075cbfe718] INFO  o.eclipse.m2e.core.internal.Bundles - 	Entry: C:\Users\Ruchitha\Downloads\eclipse\plugins\slf4j.api_2.0.12.jar
2025-02-13 11:05:18,746 [Worker-38: Launching mavenrun-c7532558-6c25-46aa-8538-64075cbfe718] INFO  o.eclipse.m2e.core.internal.Bundles - getClasspathEntries(Bundle=jakarta.inject.jakarta.inject-api_1.0.5 [32])
2025-02-13 11:05:18,747 [Worker-38: Launching mavenrun-c7532558-6c25-46aa-8538-64075cbfe718] INFO  o.eclipse.m2e.core.internal.Bundles - 	Entry: C:\Users\Ruchitha\Downloads\eclipse\plugins\jakarta.inject.jakarta.inject-api_1.0.5.jar
2025-02-13 11:05:18,747 [Worker-38: Launching mavenrun-c7532558-6c25-46aa-8538-64075cbfe718] INFO  o.eclipse.m2e.core.internal.Bundles - getClasspathEntries(Bundle=jakarta.annotation-api_1.3.5 [27])
2025-02-13 11:05:18,747 [Worker-38: Launching mavenrun-c7532558-6c25-46aa-8538-64075cbfe718] INFO  o.eclipse.m2e.core.internal.Bundles - 	Entry: C:\Users\Ruchitha\Downloads\eclipse\plugins\jakarta.annotation-api_1.3.5.jar
2025-02-13 11:05:18,747 [Worker-38: Launching mavenrun-c7532558-6c25-46aa-8538-64075cbfe718] INFO  o.eclipse.m2e.core.internal.Bundles - getClasspathEntries(Bundle=org.apache.commons.cli_1.6.0 [75])
2025-02-13 11:05:18,747 [Worker-38: Launching mavenrun-c7532558-6c25-46aa-8538-64075cbfe718] INFO  o.eclipse.m2e.core.internal.Bundles - 	Entry: C:\Users\Ruchitha\Downloads\eclipse\plugins\org.apache.commons.cli_1.6.0.jar
2025-02-13 11:05:18,747 [Worker-38: Launching mavenrun-c7532558-6c25-46aa-8538-64075cbfe718] INFO  o.eclipse.m2e.core.internal.Bundles - getClasspathEntries(Bundle=org.apache.commons.commons-codec_1.16.0 [78])
2025-02-13 11:05:18,748 [Worker-38: Launching mavenrun-c7532558-6c25-46aa-8538-64075cbfe718] INFO  o.eclipse.m2e.core.internal.Bundles - 	Entry: C:\Users\Ruchitha\Downloads\eclipse\plugins\org.apache.commons.commons-codec_1.16.0.jar
2025-02-13 11:05:18,748 [Worker-38: Launching mavenrun-c7532558-6c25-46aa-8538-64075cbfe718] INFO  o.eclipse.m2e.core.internal.Bundles - getClasspathEntries(Bundle=org.apache.commons.lang3_3.14.0 [86])
2025-02-13 11:05:18,748 [Worker-38: Launching mavenrun-c7532558-6c25-46aa-8538-64075cbfe718] INFO  o.eclipse.m2e.core.internal.Bundles - 	Entry: C:\Users\Ruchitha\Downloads\eclipse\plugins\org.apache.commons.lang3_3.14.0.jar
2025-02-13 11:05:18,748 [Worker-38: Launching mavenrun-c7532558-6c25-46aa-8538-64075cbfe718] INFO  o.eclipse.m2e.core.internal.Bundles - getClasspathEntries(Bundle=com.google.guava.failureaccess_1.0.2 [15])
2025-02-13 11:05:18,749 [Worker-38: Launching mavenrun-c7532558-6c25-46aa-8538-64075cbfe718] INFO  o.eclipse.m2e.core.internal.Bundles - 	Entry: C:\Users\Ruchitha\Downloads\eclipse\plugins\com.google.guava.failureaccess_1.0.2.jar
2025-02-13 11:05:18,750 [Worker-38: Launching mavenrun-c7532558-6c25-46aa-8538-64075cbfe718] INFO  o.e.m.i.launch.MavenLaunchDelegate - Run build in "C:\Users\Ruchitha\AppData\Local\Temp\m2e-archetypeGenerator10893405488847521302":
2025-02-13 11:05:18,751 [Worker-38: Launching mavenrun-c7532558-6c25-46aa-8538-64075cbfe718] INFO  o.e.m.i.launch.MavenLaunchDelegate -  mvn  -DarchetypeGroupId=org.apache.maven.archetypes -DarchetypeArtifactId=maven-archetype-webapp -DarchetypeVersion=1.5 -DgroupId=pentagon -DartifactId=StudentApplication -Dversion=0.0.1-SNAPSHOT -Dpackage=pentagon.StudentApplication -DoutputDirectory=D:\eclipse\corejava\src\project1\ProjectJ2EE -Dstyle.color=always -U archetype:generate
2025-02-13 11:07:54,234 [Worker-8: Loading available Gradle versions] INFO  o.e.b.c.i.u.g.PublishedGradleVersions - Gradle version information cache is up-to-date. Trying to read.
2025-02-13 11:08:50,024 [Worker-16: Launching mavenrun-115a6c9a-3381-4eea-83ac-30c627e7e44a] INFO  o.eclipse.m2e.core.internal.Bundles - getClasspathEntries(Bundle=org.eclipse.m2e.maven.runtime_3.9.600.20231203-1234 [638])
2025-02-13 11:08:50,026 [Worker-16: Launching mavenrun-115a6c9a-3381-4eea-83ac-30c627e7e44a] INFO  o.eclipse.m2e.core.internal.Bundles - 	Entry: C:\Users\Ruchitha\Downloads\eclipse\plugins\org.eclipse.m2e.maven.runtime_3.9.600.20231203-1234
2025-02-13 11:08:50,027 [Worker-16: Launching mavenrun-115a6c9a-3381-4eea-83ac-30c627e7e44a] INFO  o.eclipse.m2e.core.internal.Bundles - 	Entry: C:\Users\Ruchitha\Downloads\eclipse\plugins\org.eclipse.m2e.maven.runtime_3.9.600.20231203-1234\jars\aopalliance-1.0.jar
2025-02-13 11:08:50,027 [Worker-16: Launching mavenrun-115a6c9a-3381-4eea-83ac-30c627e7e44a] INFO  o.eclipse.m2e.core.internal.Bundles - 	Entry: C:\Users\Ruchitha\Downloads\eclipse\plugins\org.eclipse.m2e.maven.runtime_3.9.600.20231203-1234\jars\guice-5.1.0.jar
2025-02-13 11:08:50,027 [Worker-16: Launching mavenrun-115a6c9a-3381-4eea-83ac-30c627e7e44a] INFO  o.eclipse.m2e.core.internal.Bundles - 	Entry: C:\Users\Ruchitha\Downloads\eclipse\plugins\org.eclipse.m2e.maven.runtime_3.9.600.20231203-1234\jars\httpclient-4.5.14.jar
2025-02-13 11:08:50,027 [Worker-16: Launching mavenrun-115a6c9a-3381-4eea-83ac-30c627e7e44a] INFO  o.eclipse.m2e.core.internal.Bundles - 	Entry: C:\Users\Ruchitha\Downloads\eclipse\plugins\org.eclipse.m2e.maven.runtime_3.9.600.20231203-1234\jars\httpcore-4.4.16.jar
2025-02-13 11:08:50,028 [Worker-16: Launching mavenrun-115a6c9a-3381-4eea-83ac-30c627e7e44a] INFO  o.eclipse.m2e.core.internal.Bundles - 	Entry: C:\Users\Ruchitha\Downloads\eclipse\plugins\org.eclipse.m2e.maven.runtime_3.9.600.20231203-1234\jars\jansi-2.4.0.jar
2025-02-13 11:08:50,028 [Worker-16: Launching mavenrun-115a6c9a-3381-4eea-83ac-30c627e7e44a] INFO  o.eclipse.m2e.core.internal.Bundles - 	Entry: C:\Users\Ruchitha\Downloads\eclipse\plugins\org.eclipse.m2e.maven.runtime_3.9.600.20231203-1234\jars\jcl-over-slf4j-1.7.36.jar
2025-02-13 11:08:50,028 [Worker-16: Launching mavenrun-115a6c9a-3381-4eea-83ac-30c627e7e44a] INFO  o.eclipse.m2e.core.internal.Bundles - 	Entry: C:\Users\Ruchitha\Downloads\eclipse\plugins\org.eclipse.m2e.maven.runtime_3.9.600.20231203-1234\jars\maven-artifact-3.9.6.jar
2025-02-13 11:08:50,028 [Worker-16: Launching mavenrun-115a6c9a-3381-4eea-83ac-30c627e7e44a] INFO  o.eclipse.m2e.core.internal.Bundles - 	Entry: C:\Users\Ruchitha\Downloads\eclipse\plugins\org.eclipse.m2e.maven.runtime_3.9.600.20231203-1234\jars\maven-builder-support-3.9.6.jar
2025-02-13 11:08:50,028 [Worker-16: Launching mavenrun-115a6c9a-3381-4eea-83ac-30c627e7e44a] INFO  o.eclipse.m2e.core.internal.Bundles - 	Entry: C:\Users\Ruchitha\Downloads\eclipse\plugins\org.eclipse.m2e.maven.runtime_3.9.600.20231203-1234\jars\maven-compat-3.9.6.jar
2025-02-13 11:08:50,029 [Worker-16: Launching mavenrun-115a6c9a-3381-4eea-83ac-30c627e7e44a] INFO  o.eclipse.m2e.core.internal.Bundles - 	Entry: C:\Users\Ruchitha\Downloads\eclipse\plugins\org.eclipse.m2e.maven.runtime_3.9.600.20231203-1234\jars\maven-core-3.9.6.jar
2025-02-13 11:08:50,029 [Worker-16: Launching mavenrun-115a6c9a-3381-4eea-83ac-30c627e7e44a] INFO  o.eclipse.m2e.core.internal.Bundles - 	Entry: C:\Users\Ruchitha\Downloads\eclipse\plugins\org.eclipse.m2e.maven.runtime_3.9.600.20231203-1234\jars\maven-embedder-3.9.6.jar
2025-02-13 11:08:50,029 [Worker-16: Launching mavenrun-115a6c9a-3381-4eea-83ac-30c627e7e44a] INFO  o.eclipse.m2e.core.internal.Bundles - 	Entry: C:\Users\Ruchitha\Downloads\eclipse\plugins\org.eclipse.m2e.maven.runtime_3.9.600.20231203-1234\jars\maven-model-3.9.6.jar
2025-02-13 11:08:50,029 [Worker-16: Launching mavenrun-115a6c9a-3381-4eea-83ac-30c627e7e44a] INFO  o.eclipse.m2e.core.internal.Bundles - 	Entry: C:\Users\Ruchitha\Downloads\eclipse\plugins\org.eclipse.m2e.maven.runtime_3.9.600.20231203-1234\jars\maven-model-builder-3.9.6.jar
2025-02-13 11:08:50,029 [Worker-16: Launching mavenrun-115a6c9a-3381-4eea-83ac-30c627e7e44a] INFO  o.eclipse.m2e.core.internal.Bundles - 	Entry: C:\Users\Ruchitha\Downloads\eclipse\plugins\org.eclipse.m2e.maven.runtime_3.9.600.20231203-1234\jars\maven-plugin-api-3.9.6.jar
2025-02-13 11:08:50,029 [Worker-16: Launching mavenrun-115a6c9a-3381-4eea-83ac-30c627e7e44a] INFO  o.eclipse.m2e.core.internal.Bundles - 	Entry: C:\Users\Ruchitha\Downloads\eclipse\plugins\org.eclipse.m2e.maven.runtime_3.9.600.20231203-1234\jars\maven-repository-metadata-3.9.6.jar
2025-02-13 11:08:50,029 [Worker-16: Launching mavenrun-115a6c9a-3381-4eea-83ac-30c627e7e44a] INFO  o.eclipse.m2e.core.internal.Bundles - 	Entry: C:\Users\Ruchitha\Downloads\eclipse\plugins\org.eclipse.m2e.maven.runtime_3.9.600.20231203-1234\jars\maven-resolver-api-1.9.18.jar
2025-02-13 11:08:50,030 [Worker-16: Launching mavenrun-115a6c9a-3381-4eea-83ac-30c627e7e44a] INFO  o.eclipse.m2e.core.internal.Bundles - 	Entry: C:\Users\Ruchitha\Downloads\eclipse\plugins\org.eclipse.m2e.maven.runtime_3.9.600.20231203-1234\jars\maven-resolver-connector-basic-1.9.18.jar
2025-02-13 11:08:50,030 [Worker-16: Launching mavenrun-115a6c9a-3381-4eea-83ac-30c627e7e44a] INFO  o.eclipse.m2e.core.internal.Bundles - 	Entry: C:\Users\Ruchitha\Downloads\eclipse\plugins\org.eclipse.m2e.maven.runtime_3.9.600.20231203-1234\jars\maven-resolver-impl-1.9.18.jar
2025-02-13 11:08:50,030 [Worker-16: Launching mavenrun-115a6c9a-3381-4eea-83ac-30c627e7e44a] INFO  o.eclipse.m2e.core.internal.Bundles - 	Entry: C:\Users\Ruchitha\Downloads\eclipse\plugins\org.eclipse.m2e.maven.runtime_3.9.600.20231203-1234\jars\maven-resolver-named-locks-1.9.18.jar
2025-02-13 11:08:50,030 [Worker-16: Launching mavenrun-115a6c9a-3381-4eea-83ac-30c627e7e44a] INFO  o.eclipse.m2e.core.internal.Bundles - 	Entry: C:\Users\Ruchitha\Downloads\eclipse\plugins\org.eclipse.m2e.maven.runtime_3.9.600.20231203-1234\jars\maven-resolver-provider-3.9.6.jar
2025-02-13 11:08:50,030 [Worker-16: Launching mavenrun-115a6c9a-3381-4eea-83ac-30c627e7e44a] INFO  o.eclipse.m2e.core.internal.Bundles - 	Entry: C:\Users\Ruchitha\Downloads\eclipse\plugins\org.eclipse.m2e.maven.runtime_3.9.600.20231203-1234\jars\maven-resolver-spi-1.9.18.jar
2025-02-13 11:08:50,030 [Worker-16: Launching mavenrun-115a6c9a-3381-4eea-83ac-30c627e7e44a] INFO  o.eclipse.m2e.core.internal.Bundles - 	Entry: C:\Users\Ruchitha\Downloads\eclipse\plugins\org.eclipse.m2e.maven.runtime_3.9.600.20231203-1234\jars\maven-resolver-transport-file-1.9.18.jar
2025-02-13 11:08:50,030 [Worker-16: Launching mavenrun-115a6c9a-3381-4eea-83ac-30c627e7e44a] INFO  o.eclipse.m2e.core.internal.Bundles - 	Entry: C:\Users\Ruchitha\Downloads\eclipse\plugins\org.eclipse.m2e.maven.runtime_3.9.600.20231203-1234\jars\maven-resolver-transport-http-1.9.18.jar
2025-02-13 11:08:50,031 [Worker-16: Launching mavenrun-115a6c9a-3381-4eea-83ac-30c627e7e44a] INFO  o.eclipse.m2e.core.internal.Bundles - 	Entry: C:\Users\Ruchitha\Downloads\eclipse\plugins\org.eclipse.m2e.maven.runtime_3.9.600.20231203-1234\jars\maven-resolver-transport-wagon-1.9.18.jar
2025-02-13 11:08:50,031 [Worker-16: Launching mavenrun-115a6c9a-3381-4eea-83ac-30c627e7e44a] INFO  o.eclipse.m2e.core.internal.Bundles - 	Entry: C:\Users\Ruchitha\Downloads\eclipse\plugins\org.eclipse.m2e.maven.runtime_3.9.600.20231203-1234\jars\maven-resolver-util-1.9.18.jar
2025-02-13 11:08:50,031 [Worker-16: Launching mavenrun-115a6c9a-3381-4eea-83ac-30c627e7e44a] INFO  o.eclipse.m2e.core.internal.Bundles - 	Entry: C:\Users\Ruchitha\Downloads\eclipse\plugins\org.eclipse.m2e.maven.runtime_3.9.600.20231203-1234\jars\maven-settings-3.9.6.jar
2025-02-13 11:08:50,031 [Worker-16: Launching mavenrun-115a6c9a-3381-4eea-83ac-30c627e7e44a] INFO  o.eclipse.m2e.core.internal.Bundles - 	Entry: C:\Users\Ruchitha\Downloads\eclipse\plugins\org.eclipse.m2e.maven.runtime_3.9.600.20231203-1234\jars\maven-settings-builder-3.9.6.jar
2025-02-13 11:08:50,032 [Worker-16: Launching mavenrun-115a6c9a-3381-4eea-83ac-30c627e7e44a] INFO  o.eclipse.m2e.core.internal.Bundles - 	Entry: C:\Users\Ruchitha\Downloads\eclipse\plugins\org.eclipse.m2e.maven.runtime_3.9.600.20231203-1234\jars\maven-shared-utils-3.3.4.jar
2025-02-13 11:08:50,032 [Worker-16: Launching mavenrun-115a6c9a-3381-4eea-83ac-30c627e7e44a] INFO  o.eclipse.m2e.core.internal.Bundles - 	Entry: C:\Users\Ruchitha\Downloads\eclipse\plugins\org.eclipse.m2e.maven.runtime_3.9.600.20231203-1234\jars\org.eclipse.sisu.inject-0.9.0.M2.jar
2025-02-13 11:08:50,032 [Worker-16: Launching mavenrun-115a6c9a-3381-4eea-83ac-30c627e7e44a] INFO  o.eclipse.m2e.core.internal.Bundles - 	Entry: C:\Users\Ruchitha\Downloads\eclipse\plugins\org.eclipse.m2e.maven.runtime_3.9.600.20231203-1234\jars\org.eclipse.sisu.plexus-0.9.0.M2.jar
2025-02-13 11:08:50,032 [Worker-16: Launching mavenrun-115a6c9a-3381-4eea-83ac-30c627e7e44a] INFO  o.eclipse.m2e.core.internal.Bundles - 	Entry: C:\Users\Ruchitha\Downloads\eclipse\plugins\org.eclipse.m2e.maven.runtime_3.9.600.20231203-1234\jars\plexus-build-api-0.0.7.jar
2025-02-13 11:08:50,033 [Worker-16: Launching mavenrun-115a6c9a-3381-4eea-83ac-30c627e7e44a] INFO  o.eclipse.m2e.core.internal.Bundles - 	Entry: C:\Users\Ruchitha\Downloads\eclipse\plugins\org.eclipse.m2e.maven.runtime_3.9.600.20231203-1234\jars\plexus-cipher-2.0.jar
2025-02-13 11:08:50,033 [Worker-16: Launching mavenrun-115a6c9a-3381-4eea-83ac-30c627e7e44a] INFO  o.eclipse.m2e.core.internal.Bundles - 	Entry: C:\Users\Ruchitha\Downloads\eclipse\plugins\org.eclipse.m2e.maven.runtime_3.9.600.20231203-1234\jars\plexus-classworlds-2.7.0.jar
2025-02-13 11:08:50,033 [Worker-16: Launching mavenrun-115a6c9a-3381-4eea-83ac-30c627e7e44a] INFO  o.eclipse.m2e.core.internal.Bundles - 	Entry: C:\Users\Ruchitha\Downloads\eclipse\plugins\org.eclipse.m2e.maven.runtime_3.9.600.20231203-1234\jars\plexus-component-annotations-2.1.0.jar
2025-02-13 11:08:50,033 [Worker-16: Launching mavenrun-115a6c9a-3381-4eea-83ac-30c627e7e44a] INFO  o.eclipse.m2e.core.internal.Bundles - 	Entry: C:\Users\Ruchitha\Downloads\eclipse\plugins\org.eclipse.m2e.maven.runtime_3.9.600.20231203-1234\jars\plexus-interpolation-1.26.jar
2025-02-13 11:08:50,033 [Worker-16: Launching mavenrun-115a6c9a-3381-4eea-83ac-30c627e7e44a] INFO  o.eclipse.m2e.core.internal.Bundles - 	Entry: C:\Users\Ruchitha\Downloads\eclipse\plugins\org.eclipse.m2e.maven.runtime_3.9.600.20231203-1234\jars\plexus-sec-dispatcher-2.0.jar
2025-02-13 11:08:50,033 [Worker-16: Launching mavenrun-115a6c9a-3381-4eea-83ac-30c627e7e44a] INFO  o.eclipse.m2e.core.internal.Bundles - 	Entry: C:\Users\Ruchitha\Downloads\eclipse\plugins\org.eclipse.m2e.maven.runtime_3.9.600.20231203-1234\jars\plexus-utils-3.5.1.jar
2025-02-13 11:08:50,033 [Worker-16: Launching mavenrun-115a6c9a-3381-4eea-83ac-30c627e7e44a] INFO  o.eclipse.m2e.core.internal.Bundles - 	Entry: C:\Users\Ruchitha\Downloads\eclipse\plugins\org.eclipse.m2e.maven.runtime_3.9.600.20231203-1234\jars\wagon-file-3.5.3.jar
2025-02-13 11:08:50,034 [Worker-16: Launching mavenrun-115a6c9a-3381-4eea-83ac-30c627e7e44a] INFO  o.eclipse.m2e.core.internal.Bundles - 	Entry: C:\Users\Ruchitha\Downloads\eclipse\plugins\org.eclipse.m2e.maven.runtime_3.9.600.20231203-1234\jars\wagon-http-3.5.3.jar
2025-02-13 11:08:50,034 [Worker-16: Launching mavenrun-115a6c9a-3381-4eea-83ac-30c627e7e44a] INFO  o.eclipse.m2e.core.internal.Bundles - 	Entry: C:\Users\Ruchitha\Downloads\eclipse\plugins\org.eclipse.m2e.maven.runtime_3.9.600.20231203-1234\jars\wagon-http-shared-3.5.3.jar
2025-02-13 11:08:50,034 [Worker-16: Launching mavenrun-115a6c9a-3381-4eea-83ac-30c627e7e44a] INFO  o.eclipse.m2e.core.internal.Bundles - 	Entry: C:\Users\Ruchitha\Downloads\eclipse\plugins\org.eclipse.m2e.maven.runtime_3.9.600.20231203-1234\jars\wagon-provider-api-3.5.3.jar
2025-02-13 11:08:50,035 [Worker-16: Launching mavenrun-115a6c9a-3381-4eea-83ac-30c627e7e44a] INFO  o.eclipse.m2e.core.internal.Bundles - getClasspathEntries(Bundle=com.google.guava_33.0.0.jre [14])
2025-02-13 11:08:50,035 [Worker-16: Launching mavenrun-115a6c9a-3381-4eea-83ac-30c627e7e44a] INFO  o.eclipse.m2e.core.internal.Bundles - 	Entry: C:\Users\Ruchitha\Downloads\eclipse\plugins\com.google.guava_33.0.0.jre.jar
2025-02-13 11:08:50,036 [Worker-16: Launching mavenrun-115a6c9a-3381-4eea-83ac-30c627e7e44a] INFO  o.eclipse.m2e.core.internal.Bundles - getClasspathEntries(Bundle=slf4j.api_2.0.12 [1001])
2025-02-13 11:08:50,036 [Worker-16: Launching mavenrun-115a6c9a-3381-4eea-83ac-30c627e7e44a] INFO  o.eclipse.m2e.core.internal.Bundles - 	Entry: C:\Users\Ruchitha\Downloads\eclipse\plugins\slf4j.api_2.0.12.jar
2025-02-13 11:08:50,036 [Worker-16: Launching mavenrun-115a6c9a-3381-4eea-83ac-30c627e7e44a] INFO  o.eclipse.m2e.core.internal.Bundles - getClasspathEntries(Bundle=jakarta.inject.jakarta.inject-api_1.0.5 [32])
2025-02-13 11:08:50,036 [Worker-16: Launching mavenrun-115a6c9a-3381-4eea-83ac-30c627e7e44a] INFO  o.eclipse.m2e.core.internal.Bundles - 	Entry: C:\Users\Ruchitha\Downloads\eclipse\plugins\jakarta.inject.jakarta.inject-api_1.0.5.jar
2025-02-13 11:08:50,036 [Worker-16: Launching mavenrun-115a6c9a-3381-4eea-83ac-30c627e7e44a] INFO  o.eclipse.m2e.core.internal.Bundles - getClasspathEntries(Bundle=jakarta.annotation-api_1.3.5 [27])
2025-02-13 11:08:50,036 [Worker-16: Launching mavenrun-115a6c9a-3381-4eea-83ac-30c627e7e44a] INFO  o.eclipse.m2e.core.internal.Bundles - 	Entry: C:\Users\Ruchitha\Downloads\eclipse\plugins\jakarta.annotation-api_1.3.5.jar
2025-02-13 11:08:50,036 [Worker-16: Launching mavenrun-115a6c9a-3381-4eea-83ac-30c627e7e44a] INFO  o.eclipse.m2e.core.internal.Bundles - getClasspathEntries(Bundle=org.apache.commons.cli_1.6.0 [75])
2025-02-13 11:08:50,037 [Worker-16: Launching mavenrun-115a6c9a-3381-4eea-83ac-30c627e7e44a] INFO  o.eclipse.m2e.core.internal.Bundles - 	Entry: C:\Users\Ruchitha\Downloads\eclipse\plugins\org.apache.commons.cli_1.6.0.jar
2025-02-13 11:08:50,037 [Worker-16: Launching mavenrun-115a6c9a-3381-4eea-83ac-30c627e7e44a] INFO  o.eclipse.m2e.core.internal.Bundles - getClasspathEntries(Bundle=org.apache.commons.commons-codec_1.16.0 [78])
2025-02-13 11:08:50,037 [Worker-16: Launching mavenrun-115a6c9a-3381-4eea-83ac-30c627e7e44a] INFO  o.eclipse.m2e.core.internal.Bundles - 	Entry: C:\Users\Ruchitha\Downloads\eclipse\plugins\org.apache.commons.commons-codec_1.16.0.jar
2025-02-13 11:08:50,037 [Worker-16: Launching mavenrun-115a6c9a-3381-4eea-83ac-30c627e7e44a] INFO  o.eclipse.m2e.core.internal.Bundles - getClasspathEntries(Bundle=org.apache.commons.lang3_3.14.0 [86])
2025-02-13 11:08:50,037 [Worker-16: Launching mavenrun-115a6c9a-3381-4eea-83ac-30c627e7e44a] INFO  o.eclipse.m2e.core.internal.Bundles - 	Entry: C:\Users\Ruchitha\Downloads\eclipse\plugins\org.apache.commons.lang3_3.14.0.jar
2025-02-13 11:08:50,037 [Worker-16: Launching mavenrun-115a6c9a-3381-4eea-83ac-30c627e7e44a] INFO  o.eclipse.m2e.core.internal.Bundles - getClasspathEntries(Bundle=com.google.guava.failureaccess_1.0.2 [15])
2025-02-13 11:08:50,037 [Worker-16: Launching mavenrun-115a6c9a-3381-4eea-83ac-30c627e7e44a] INFO  o.eclipse.m2e.core.internal.Bundles - 	Entry: C:\Users\Ruchitha\Downloads\eclipse\plugins\com.google.guava.failureaccess_1.0.2.jar
2025-02-13 11:08:50,043 [Worker-16: Launching mavenrun-115a6c9a-3381-4eea-83ac-30c627e7e44a] INFO  o.e.m.i.launch.MavenLaunchDelegate - Run build in "C:\Users\Ruchitha\AppData\Local\Temp\m2e-archetypeGenerator4424954781581352108":
2025-02-13 11:08:50,047 [Worker-16: Launching mavenrun-115a6c9a-3381-4eea-83ac-30c627e7e44a] INFO  o.e.m.i.launch.MavenLaunchDelegate -  mvn  -DarchetypeGroupId=org.apache.maven.archetypes -DarchetypeArtifactId=maven-archetype-webapp -DarchetypeVersion=1.5 -DgroupId=pentagon -DartifactId=StudentApplication -Dversion=0.0.1-SNAPSHOT -Dpackage=pentagon.StudentApplication -DoutputDirectory=D:\eclipse\corejava\src\project1\ProjectJ2EE -Dstyle.color=always -U archetype:generate
